2.802625894546508789e-01
2.695998549461364746e-01
2.694282829761505127e-01
7.309094071388244629e-01
7.288569211959838867e-01
7.308290004730224609e-01
2.690768241882324219e-01
2.691461443901062012e-01
7.297785878181457520e-01
7.309069037437438965e-01
7.308923602104187012e-01
7.309071421623229980e-01
7.307455539703369141e-01
2.690840661525726318e-01
7.308449745178222656e-01
7.308800816535949707e-01
2.723053991794586182e-01
7.308987975120544434e-01
2.690887749195098877e-01
2.839331626892089844e-01
2.691720724105834961e-01
2.747476100921630859e-01
2.690866887569427490e-01
2.690556645393371582e-01
7.308859825134277344e-01
7.309063673019409180e-01
2.693566977977752686e-01
2.758814394474029541e-01
7.308986783027648926e-01
7.308838963508605957e-01
7.306243181228637695e-01
2.690885365009307861e-01
2.691167593002319336e-01
7.308954000473022461e-01
7.308690547943115234e-01
7.284915447235107422e-01
7.306840419769287109e-01
2.691265046596527100e-01
2.696760892868041992e-01
2.691110074520111084e-01
7.309081554412841797e-01
7.309247255325317383e-01
2.694103121757507324e-01
2.690864503383636475e-01
2.790004312992095947e-01
7.309137582778930664e-01
2.691875398159027100e-01
7.308864593505859375e-01
7.309178113937377930e-01
7.308897972106933594e-01
7.308554053306579590e-01
2.690674662590026855e-01
2.691096067428588867e-01
2.691211402416229248e-01
2.693820595741271973e-01
2.940003275871276855e-01
7.308118939399719238e-01
2.693899869918823242e-01
5.333961248397827148e-01
2.798343002796173096e-01
7.049793004989624023e-01
2.691290378570556641e-01
7.308997511863708496e-01
2.691231369972229004e-01
7.309241890907287598e-01
2.692647278308868408e-01
7.292045950889587402e-01
7.308604717254638672e-01
2.690832614898681641e-01
2.709063589572906494e-01
2.691343724727630615e-01
2.694233357906341553e-01
7.305542230606079102e-01
2.692013084888458252e-01
7.309080958366394043e-01
7.305715680122375488e-01
2.695404291152954102e-01
2.693923711776733398e-01
2.691058218479156494e-01
2.693372368812561035e-01
2.691762149333953857e-01
7.262023091316223145e-01
2.691682577133178711e-01
7.308111190795898438e-01
7.309008240699768066e-01
2.699817419052124023e-01
2.691326439380645752e-01
2.790645658969879150e-01
7.309060096740722656e-01
2.690705358982086182e-01
2.690988183021545410e-01
2.690702378749847412e-01
7.308956980705261230e-01
7.307869195938110352e-01
7.308987379074096680e-01
7.258304357528686523e-01
2.858818769454956055e-01
2.690740227699279785e-01
2.690940797328948975e-01
2.690830230712890625e-01
2.691904902458190918e-01
7.304415106773376465e-01
7.307953238487243652e-01
7.309027314186096191e-01
7.309265136718750000e-01
2.691023945808410645e-01
7.308323979377746582e-01
2.692701518535614014e-01
2.693483233451843262e-01
2.944066822528839111e-01
2.691287100315093994e-01
2.697206139564514160e-01
7.307950854301452637e-01
2.691640555858612061e-01
7.309033274650573730e-01
2.691291272640228271e-01
7.147107720375061035e-01
6.483097076416015625e-01
2.709392011165618896e-01
2.696730792522430420e-01
2.691662609577178955e-01
7.305148839950561523e-01
2.691189050674438477e-01
7.309011816978454590e-01
2.691678404808044434e-01
7.266868948936462402e-01
7.309126257896423340e-01
7.309119105339050293e-01
2.690664529800415039e-01
7.309046387672424316e-01
7.308113574981689453e-01
7.309102416038513184e-01
2.764421105384826660e-01
2.690763771533966064e-01
2.690985500812530518e-01
2.691025733947753906e-01
5.754085779190063477e-01
7.309173941612243652e-01
7.308979630470275879e-01
2.692472338676452637e-01
7.308021187782287598e-01
7.294957041740417480e-01
7.304521203041076660e-01
2.693760395050048828e-01
7.308271527290344238e-01
3.080949187278747559e-01
2.692778408527374268e-01
5.632774829864501953e-01
7.308986186981201172e-01
2.691180408000946045e-01
7.308856248855590820e-01
7.309051156044006348e-01
2.691064178943634033e-01
2.690751850605010986e-01
3.621209561824798584e-01
2.696567475795745850e-01
7.308554649353027344e-01
2.699141502380371094e-01
2.706360518932342529e-01
2.690511941909790039e-01
2.692003250122070312e-01
2.691161036491394043e-01
2.690818607807159424e-01
2.708651721477508545e-01
2.691285014152526855e-01
2.690930962562561035e-01
7.309120893478393555e-01
7.305872440338134766e-01
2.856136262416839600e-01
2.691342830657958984e-01
7.305915951728820801e-01
2.699193656444549561e-01
7.308578491210937500e-01
2.692495882511138916e-01
2.833552360534667969e-01
7.309139966964721680e-01
2.691622674465179443e-01
7.298630475997924805e-01
7.308781147003173828e-01
5.237839818000793457e-01
7.308854460716247559e-01
2.703443765640258789e-01
7.307502627372741699e-01
2.692375481128692627e-01
7.308854460716247559e-01
7.303371429443359375e-01
7.299367785453796387e-01
7.309293150901794434e-01
6.261350512504577637e-01
2.693620920181274414e-01
2.691100239753723145e-01
2.692010402679443359e-01
2.692348659038543701e-01
2.693591713905334473e-01
2.986303567886352539e-01
7.306295633316040039e-01
7.299387454986572266e-01
2.792354226112365723e-01
2.691793739795684814e-01
7.296364903450012207e-01
2.692811191082000732e-01
2.691242396831512451e-01
7.307461500167846680e-01
7.309090495109558105e-01
7.309006452560424805e-01
7.309169769287109375e-01
2.695272266864776611e-01
2.762233912944793701e-01
2.740516960620880127e-01
7.309331297874450684e-01
7.277114987373352051e-01
2.691691219806671143e-01
2.691479623317718506e-01
2.691642343997955322e-01
7.303140759468078613e-01
2.696093320846557617e-01
7.309030294418334961e-01
2.691003978252410889e-01
2.690772414207458496e-01
2.690878212451934814e-01
2.719359695911407471e-01
6.512148380279541016e-01
7.309053540229797363e-01
7.283053398132324219e-01
7.302891016006469727e-01
7.307512760162353516e-01
7.309017181396484375e-01
7.308879494667053223e-01
2.690893411636352539e-01
7.307785153388977051e-01
7.309103012084960938e-01
7.308666706085205078e-01
2.691411972045898438e-01
7.300919294357299805e-01
2.695209383964538574e-01
7.295283079147338867e-01
7.278132438659667969e-01
7.307918071746826172e-01
7.306227087974548340e-01
5.374625325202941895e-01
2.717894017696380615e-01
7.307333350181579590e-01
7.303934097290039062e-01
2.692469060420989990e-01
7.309069037437438965e-01
6.568815112113952637e-01
2.693766057491302490e-01
7.309232950210571289e-01
2.721038460731506348e-01
7.308064103126525879e-01
2.691056430339813232e-01
6.106944680213928223e-01
2.691187560558319092e-01
2.691429257392883301e-01
3.108747899532318115e-01
2.693651616573333740e-01
7.309138178825378418e-01
7.302886843681335449e-01
2.691159546375274658e-01
7.307362556457519531e-01
7.309192419052124023e-01
2.690571248531341553e-01
2.690862417221069336e-01
2.696336209774017334e-01
7.309074997901916504e-01
2.692769467830657959e-01
2.690688669681549072e-01
7.308699488639831543e-01
7.308940291404724121e-01
4.283829331398010254e-01
7.297894954681396484e-01
7.309017181396484375e-01
7.081379890441894531e-01
2.692024707794189453e-01
7.305653095245361328e-01
2.811953127384185791e-01
2.759484648704528809e-01
2.691298127174377441e-01
7.309125661849975586e-01
2.690875232219696045e-01
7.309232354164123535e-01
2.704625129699707031e-01
2.692437767982482910e-01
2.691716849803924561e-01
7.309015393257141113e-01
7.308152318000793457e-01
2.997130751609802246e-01
2.698815166950225830e-01
2.691984474658966064e-01
2.692679166793823242e-01
7.309172153472900391e-01
2.690998613834381104e-01
7.308691143989562988e-01
2.691098749637603760e-01
2.692136764526367188e-01
2.690879404544830322e-01
2.692580223083496094e-01
7.308961749076843262e-01
2.691806256771087646e-01
2.697876691818237305e-01
7.308280467987060547e-01
7.308834791183471680e-01
2.701650857925415039e-01
2.692176103591918945e-01
7.309101223945617676e-01
4.498564004898071289e-01
2.695951461791992188e-01
2.690823376178741455e-01
2.691133022308349609e-01
2.690748572349548340e-01
7.308592200279235840e-01
2.691707313060760498e-01
3.150356411933898926e-01
2.808209359645843506e-01
2.690914869308471680e-01
2.691554129123687744e-01
2.692666351795196533e-01
2.692493796348571777e-01
2.692716717720031738e-01
7.294943928718566895e-01
7.308856248855590820e-01
2.690671384334564209e-01
7.308939099311828613e-01
2.788802385330200195e-01
3.212336599826812744e-01
2.694603502750396729e-01
7.309156656265258789e-01
2.692073583602905273e-01
2.691202461719512939e-01
7.308627963066101074e-01
2.691075503826141357e-01
7.111681699752807617e-01
7.308439612388610840e-01
7.049056291580200195e-01
7.308858633041381836e-01
2.696033418178558350e-01
2.697084844112396240e-01
7.309022545814514160e-01
2.693972289562225342e-01
2.974134683609008789e-01
3.576911985874176025e-01
7.234382033348083496e-01
2.772558927536010742e-01
7.308526039123535156e-01
7.309036850929260254e-01
7.306668162345886230e-01
7.308773994445800781e-01
2.711000740528106689e-01
2.692147493362426758e-01
2.694667577743530273e-01
2.691058218479156494e-01
2.690696418285369873e-01
7.044027447700500488e-01
7.307856082916259766e-01
2.692308127880096436e-01
2.694186270236968994e-01
2.692503333091735840e-01
2.690905332565307617e-01
2.690836191177368164e-01
3.156718611717224121e-01
7.063510417938232422e-01
7.306236028671264648e-01
2.696591913700103760e-01
7.308810353279113770e-01
2.690728306770324707e-01
7.308397889137268066e-01
2.691347301006317139e-01
7.296580076217651367e-01
7.284700274467468262e-01
7.309018969535827637e-01
6.529982686042785645e-01
2.714225947856903076e-01
7.308405041694641113e-01
7.309043407440185547e-01
2.710637152194976807e-01
2.692305147647857666e-01
4.772526323795318604e-01
2.690811753273010254e-01
7.308856248855590820e-01
7.307476997375488281e-01
7.309079170227050781e-01
7.308681011199951172e-01
7.308634519577026367e-01
7.309038639068603516e-01
7.301908731460571289e-01
7.309116125106811523e-01
2.691181600093841553e-01
7.308987975120544434e-01
7.303959131240844727e-01
7.308838367462158203e-01
2.690988183021545410e-01
2.690876424312591553e-01
7.308819293975830078e-01
7.308475375175476074e-01
2.691148519515991211e-01
7.309145927429199219e-01
7.308856248855590820e-01
2.695212066173553467e-01
2.691085338592529297e-01
2.691543102264404297e-01
2.690764665603637695e-01
7.161874771118164062e-01
2.691290974617004395e-01
2.738846838474273682e-01
7.304990291595458984e-01
2.690982818603515625e-01
2.690761983394622803e-01
2.709911465644836426e-01
7.016453742980957031e-01
7.301244139671325684e-01
2.690764367580413818e-01
2.690795660018920898e-01
7.308809161186218262e-01
2.928914129734039307e-01
2.694355845451354980e-01
7.306231856346130371e-01
2.716433703899383545e-01
2.692579329013824463e-01
2.690841555595397949e-01
7.308833003044128418e-01
7.309032678604125977e-01
7.291606664657592773e-01
7.308999896049499512e-01
7.309131026268005371e-01
7.306143045425415039e-01
2.692976891994476318e-01
2.692481279373168945e-01
3.260723054409027100e-01
2.879543304443359375e-01
4.259334504604339600e-01
7.307806611061096191e-01
2.717871367931365967e-01
2.690987288951873779e-01
2.690537273883819580e-01
2.690837383270263672e-01
2.690795660018920898e-01
2.693386375904083252e-01
7.307488918304443359e-01
2.693178057670593262e-01
2.690718472003936768e-01
2.782436311244964600e-01
7.306871414184570312e-01
2.691049575805664062e-01
2.690579295158386230e-01
7.299397587776184082e-01
7.309017181396484375e-01
2.690681517124176025e-01
2.709067463874816895e-01
2.690911889076232910e-01
7.309206724166870117e-01
7.307403683662414551e-01
7.217513322830200195e-01
7.309172153472900391e-01
7.152503728866577148e-01
2.819159626960754395e-01
2.693333029747009277e-01
2.690971493721008301e-01
2.704161703586578369e-01
2.690942585468292236e-01
2.692139744758605957e-01
7.305994033813476562e-01
2.692560553550720215e-01
6.101241707801818848e-01
5.429162979125976562e-01
7.309220433235168457e-01
7.307245135307312012e-01
2.692504227161407471e-01
7.307537198066711426e-01
2.691353857517242432e-01
2.690595686435699463e-01
7.301831245422363281e-01
7.309153079986572266e-01
2.690870463848114014e-01
7.296658754348754883e-01
2.694875895977020264e-01
2.690678536891937256e-01
7.105756402015686035e-01
7.308635711669921875e-01
7.309223413467407227e-01
7.304337620735168457e-01
7.309123277664184570e-01
2.692386209964752197e-01
7.308995723724365234e-01
7.306554317474365234e-01
7.307496666908264160e-01
2.691156566143035889e-01
7.307893633842468262e-01
7.290299534797668457e-01
2.905908524990081787e-01
2.690668106079101562e-01
2.690833508968353271e-01
2.723331451416015625e-01
2.729428112506866455e-01
2.690940201282501221e-01
2.691653370857238770e-01
2.696624100208282471e-01
2.716283798217773438e-01
3.647164106369018555e-01
7.308880686759948730e-01
2.690832316875457764e-01
2.691652476787567139e-01
2.690724730491638184e-01
7.307491302490234375e-01
7.308751344680786133e-01
2.752264440059661865e-01
7.309098839759826660e-01
2.764087319374084473e-01
2.691208422183990479e-01
7.210515737533569336e-01
2.691524326801300049e-01
7.309153079986572266e-01
7.309103608131408691e-01
2.691593170166015625e-01
7.309099435806274414e-01
2.692574560642242432e-01
7.308869361877441406e-01
7.308437824249267578e-01
7.294194102287292480e-01
2.692210674285888672e-01
2.691079378128051758e-01
2.705439627170562744e-01
3.933049440383911133e-01
7.288144826889038086e-01
7.308712601661682129e-01
2.690681815147399902e-01
7.309126257896423340e-01
2.822554111480712891e-01
7.309131026268005371e-01
7.308807969093322754e-01
7.309097051620483398e-01
2.753364741802215576e-01
2.698419392108917236e-01
7.308683991432189941e-01
3.377740383148193359e-01
2.690664529800415039e-01
2.692582607269287109e-01
7.307243943214416504e-01
2.691937685012817383e-01
2.693868577480316162e-01
2.690830230712890625e-01
2.691278755664825439e-01
7.302379012107849121e-01
2.690972387790679932e-01
2.690844237804412842e-01
7.308847308158874512e-01
2.708088755607604980e-01
2.691708505153656006e-01
7.308779954910278320e-01
2.717589437961578369e-01
2.691337466239929199e-01
2.690744102001190186e-01
7.309075593948364258e-01
2.691935598850250244e-01
7.307793498039245605e-01
7.291514873504638672e-01
7.309025526046752930e-01
7.308713793754577637e-01
7.308452129364013672e-01
7.308862209320068359e-01
7.308691740036010742e-01
2.700616419315338135e-01
7.309261560440063477e-01
7.303875684738159180e-01
7.297613620758056641e-01
7.308887243270874023e-01
3.356230556964874268e-01
2.693993151187896729e-01
7.308529019355773926e-01
7.309179306030273438e-01
7.308241128921508789e-01
7.028089165687561035e-01
5.621116757392883301e-01
2.696508765220642090e-01
2.696322202682495117e-01
3.843846619129180908e-01
2.693191468715667725e-01
2.693218886852264404e-01
7.302944660186767578e-01
2.696391642093658447e-01
7.266435623168945312e-01
7.308753728866577148e-01
7.309089303016662598e-01
2.691316008567810059e-01
2.693573534488677979e-01
2.691360414028167725e-01
2.705535888671875000e-01
2.691714167594909668e-01
7.308995723724365234e-01
7.307842373847961426e-01
2.691487967967987061e-01
2.691246867179870605e-01
2.692234218120574951e-01
7.301396131515502930e-01
2.690639197826385498e-01
7.302920818328857422e-01
3.404541015625000000e-01
7.308782935142517090e-01
2.690850496292114258e-01
2.690925598144531250e-01
2.691587209701538086e-01
2.691501677036285400e-01
2.691581547260284424e-01
2.691107988357543945e-01
2.709026038646697998e-01
2.690952122211456299e-01
7.309162616729736328e-01
2.725681364536285400e-01
2.690843343734741211e-01
7.296903729438781738e-01
7.309134602546691895e-01
2.691140770912170410e-01
7.308183908462524414e-01
7.309067845344543457e-01
2.690784335136413574e-01
2.714875042438507080e-01
2.691569924354553223e-01
7.136139869689941406e-01
7.305948138236999512e-01
2.691732347011566162e-01
7.308921217918395996e-01
7.273373007774353027e-01
7.308577895164489746e-01
2.715743780136108398e-01
2.691695988178253174e-01
7.261022329330444336e-01
3.123663961887359619e-01
2.691435813903808594e-01
7.308959364891052246e-01
2.690837085247039795e-01
2.694141268730163574e-01
7.292817234992980957e-01
2.691130936145782471e-01
7.308782935142517090e-01
2.691257894039154053e-01
2.693111598491668701e-01
7.308877706527709961e-01
7.307758331298828125e-01
7.309200167655944824e-01
2.706179916858673096e-01
2.704731822013854980e-01
7.307212948799133301e-01
2.692447900772094727e-01
7.308465838432312012e-01
7.215489149093627930e-01
2.692723274230957031e-01
7.308986186981201172e-01
6.035774946212768555e-01
2.691741585731506348e-01
7.305583357810974121e-01
3.440359234809875488e-01
2.691447436809539795e-01
5.129029154777526855e-01
2.726919651031494141e-01
2.690598070621490479e-01
7.309159636497497559e-01
2.691002488136291504e-01
7.308804988861083984e-01
2.691355645656585693e-01
2.739846110343933105e-01
7.308806180953979492e-01
2.690922915935516357e-01
2.692371308803558350e-01
7.307620644569396973e-01
2.976796329021453857e-01
2.702313661575317383e-01
2.708671987056732178e-01
2.708939313888549805e-01
7.302304506301879883e-01
5.483209490776062012e-01
2.690791785717010498e-01
7.307241559028625488e-01
7.308021783828735352e-01
2.729179859161376953e-01
3.386451303958892822e-01
2.895218133926391602e-01
2.718004286289215088e-01
3.096572756767272949e-01
2.691832184791564941e-01
2.690806984901428223e-01
7.308840751647949219e-01
2.694445550441741943e-01
7.308725714683532715e-01
7.304982542991638184e-01
6.640242934226989746e-01
6.876624822616577148e-01
6.982754468917846680e-01
6.516506671905517578e-01
7.306635379791259766e-01
7.308036684989929199e-01
2.694631218910217285e-01
2.780345678329467773e-01
7.309045791625976562e-01
7.309156060218811035e-01
7.162558436393737793e-01
2.692589163780212402e-01
2.693438529968261719e-01
2.690504789352416992e-01
7.309225201606750488e-01
2.692636847496032715e-01
2.696700096130371094e-01
