2.780568003654479980e-01
2.690351307392120361e-01
2.691345512866973877e-01
7.310184240341186523e-01
7.303776741027832031e-01
7.310282588005065918e-01
2.689725756645202637e-01
2.689823508262634277e-01
3.909942209720611572e-01
7.310285568237304688e-01
7.310281395912170410e-01
7.310281395912170410e-01
7.309935092926025391e-01
2.689802050590515137e-01
7.310291528701782227e-01
7.310294508934020996e-01
2.690233886241912842e-01
7.309827804565429688e-01
2.690504491329193115e-01
2.690077126026153564e-01
2.690019309520721436e-01
2.702730596065521240e-01
2.689920663833618164e-01
2.690023779869079590e-01
7.310116887092590332e-01
7.310289144515991211e-01
2.695789039134979248e-01
2.692027390003204346e-01
7.310281395912170410e-01
7.310272455215454102e-01
7.309443950653076172e-01
2.690071463584899902e-01
2.690172195434570312e-01
7.310267686843872070e-01
7.310111522674560547e-01
7.302026748657226562e-01
7.310101985931396484e-01
2.689788043498992920e-01
2.690441310405731201e-01
2.689889371395111084e-01
7.310273647308349609e-01
7.310292720794677734e-01
2.691195607185363770e-01
2.690072953701019287e-01
2.691094875335693359e-01
7.310261130332946777e-01
2.707002758979797363e-01
7.310266494750976562e-01
7.310292720794677734e-01
7.310290336608886719e-01
7.310127615928649902e-01
2.689812183380126953e-01
2.690148651599884033e-01
2.690051496028900146e-01
2.689808905124664307e-01
2.692462503910064697e-01
7.310284376144409180e-01
2.690167725086212158e-01
7.309361100196838379e-01
2.721533477306365967e-01
7.299477458000183105e-01
2.690162062644958496e-01
7.310235500335693359e-01
2.689841091632843018e-01
7.310193777084350586e-01
2.691030502319335938e-01
7.309621572494506836e-01
7.309992313385009766e-01
2.689774632453918457e-01
2.690075337886810303e-01
2.689899504184722900e-01
2.690387666225433350e-01
7.309714555740356445e-01
2.690729498863220215e-01
7.310266494750976562e-01
7.310233116149902344e-01
2.690254449844360352e-01
2.690126597881317139e-01
2.689958810806274414e-01
2.690067887306213379e-01
2.689962387084960938e-01
2.694629132747650146e-01
2.690028846263885498e-01
7.310189008712768555e-01
7.305675148963928223e-01
2.689827382564544678e-01
2.690445184707641602e-01
2.689807116985321045e-01
7.310286164283752441e-01
2.689807415008544922e-01
2.690223455429077148e-01
2.689814269542694092e-01
7.309921979904174805e-01
7.310179471969604492e-01
7.310262918472290039e-01
7.224040627479553223e-01
7.294581532478332520e-01
2.689873278141021729e-01
2.689893245697021484e-01
2.689957618713378906e-01
2.690430879592895508e-01
5.967471003532409668e-01
7.310056686401367188e-01
7.310292124748229980e-01
7.310309410095214844e-01
2.689886987209320068e-01
7.310263514518737793e-01
2.690220475196838379e-01
2.690470814704895020e-01
2.690250277519226074e-01
2.689936757087707520e-01
4.772097170352935791e-01
7.310268878936767578e-01
2.690024673938751221e-01
7.310118675231933594e-01
2.689829468727111816e-01
3.107231855392456055e-01
6.958848834037780762e-01
2.691767215728759766e-01
2.690757215023040771e-01
2.690198123455047607e-01
7.286993265151977539e-01
2.689806818962097168e-01
7.310300469398498535e-01
2.690685987472534180e-01
6.913505196571350098e-01
7.310224771499633789e-01
7.310318350791931152e-01
2.689844369888305664e-01
7.310245633125305176e-01
7.310275435447692871e-01
7.310236692428588867e-01
2.691688835620880127e-01
2.690503299236297607e-01
2.689785063266754150e-01
2.689841687679290771e-01
7.307935953140258789e-01
7.310299873352050781e-01
7.310281395912170410e-01
2.689938247203826904e-01
7.310093045234680176e-01
5.951951146125793457e-01
7.310225367546081543e-01
2.996714413166046143e-01
7.310003042221069336e-01
7.308989167213439941e-01
2.689869701862335205e-01
2.690528333187103271e-01
7.310242652893066406e-01
2.689760923385620117e-01
7.310202717781066895e-01
7.310244441032409668e-01
2.689973413944244385e-01
2.689818143844604492e-01
7.310066223144531250e-01
2.690662741661071777e-01
7.310261130332946777e-01
2.690903842449188232e-01
2.695303857326507568e-01
2.689828276634216309e-01
2.689801752567291260e-01
2.690038084983825684e-01
2.689793109893798828e-01
2.690107822418212891e-01
2.689879536628723145e-01
2.689868807792663574e-01
7.310317158699035645e-01
7.310131192207336426e-01
2.689998149871826172e-01
2.689970433712005615e-01
7.309598922729492188e-01
2.690027356147766113e-01
7.310263514518737793e-01
2.748630642890930176e-01
2.705186605453491211e-01
7.310308218002319336e-01
2.690134942531585693e-01
7.310216426849365234e-01
7.310260534286499023e-01
2.690820097923278809e-01
7.310184836387634277e-01
2.690357565879821777e-01
7.310146689414978027e-01
2.692675292491912842e-01
7.310132980346679688e-01
7.310166358947753906e-01
7.310122251510620117e-01
7.310295104980468750e-01
7.308156490325927734e-01
2.689908444881439209e-01
2.689819335937500000e-01
2.690182924270629883e-01
2.689942419528961182e-01
2.689962983131408691e-01
2.692041397094726562e-01
7.309949994087219238e-01
7.309512495994567871e-01
7.274399995803833008e-01
2.690061032772064209e-01
7.310114502906799316e-01
2.690181732177734375e-01
2.689934372901916504e-01
7.310162782669067383e-01
7.310292124748229980e-01
7.310212254524230957e-01
7.310176491737365723e-01
2.691140472888946533e-01
7.205830812454223633e-01
2.690536081790924072e-01
7.310252785682678223e-01
7.308256030082702637e-01
2.690068185329437256e-01
2.689952254295349121e-01
2.689793407917022705e-01
7.309945821762084961e-01
7.306231856346130371e-01
7.310255765914916992e-01
2.690076828002929688e-01
2.689959406852722168e-01
2.690061032772064209e-01
2.690214812755584717e-01
2.830278277397155762e-01
7.310198545455932617e-01
7.310211658477783203e-01
7.309032082557678223e-01
7.310130596160888672e-01
7.310250401496887207e-01
7.310261130332946777e-01
2.689899802207946777e-01
7.308424115180969238e-01
7.310252785682678223e-01
7.310160994529724121e-01
2.689964473247528076e-01
7.309978008270263672e-01
2.689931094646453857e-01
7.284947037696838379e-01
7.309104204177856445e-01
7.309751510620117188e-01
7.310230135917663574e-01
2.692883014678955078e-01
2.691187560558319092e-01
7.310087680816650391e-01
7.180194854736328125e-01
2.690198719501495361e-01
7.310263514518737793e-01
7.307380437850952148e-01
2.692574560642242432e-01
7.310287952423095703e-01
2.690866887569427490e-01
7.310216426849365234e-01
2.689919173717498779e-01
3.440034091472625732e-01
2.689837217330932617e-01
2.689972817897796631e-01
2.693614959716796875e-01
2.690076529979705811e-01
7.310239672660827637e-01
7.296598553657531738e-01
2.690225541591644287e-01
7.309406399726867676e-01
7.310216426849365234e-01
2.689904868602752686e-01
2.689920067787170410e-01
2.690484523773193359e-01
7.310161590576171875e-01
7.075478434562683105e-01
2.689800858497619629e-01
7.310088872909545898e-01
7.310253381729125977e-01
2.703095972537994385e-01
7.309361696243286133e-01
7.310212850570678711e-01
7.309749126434326172e-01
2.689851522445678711e-01
2.691040933132171631e-01
2.690854370594024658e-01
2.698976695537567139e-01
2.689955532550811768e-01
7.310244441032409668e-01
2.690031826496124268e-01
7.310286760330200195e-01
2.690879404544830322e-01
2.690015733242034912e-01
2.690023779869079590e-01
7.310303449630737305e-01
7.310081124305725098e-01
2.691286802291870117e-01
2.690406739711761475e-01
2.690139412879943848e-01
2.689864337444305420e-01
7.310280799865722656e-01
2.689793407917022705e-01
7.310264706611633301e-01
2.689865529537200928e-01
2.689835429191589355e-01
2.689823508262634277e-01
2.690195739269256592e-01
7.310285568237304688e-01
2.690151631832122803e-01
7.309584617614746094e-01
7.310290336608886719e-01
7.310224771499633789e-01
2.691003084182739258e-01
2.690447866916656494e-01
7.310220599174499512e-01
3.356552422046661377e-01
2.691369056701660156e-01
2.689827978610992432e-01
2.689883410930633545e-01
2.689771950244903564e-01
7.309889793395996094e-01
2.689998745918273926e-01
7.309076786041259766e-01
2.690633833408355713e-01
2.689751684665679932e-01
2.689875960350036621e-01
2.690268754959106445e-01
3.223055005073547363e-01
2.689992785453796387e-01
7.309584617614746094e-01
7.310290336608886719e-01
2.689838707447052002e-01
7.310112118721008301e-01
2.708131372928619385e-01
2.696564793586730957e-01
2.689955830574035645e-01
7.310282588005065918e-01
2.689851522445678711e-01
2.689917385578155518e-01
7.310162782669067383e-01
2.690004408359527588e-01
2.700924277305603027e-01
7.310264110565185547e-01
7.297536134719848633e-01
7.310149669647216797e-01
2.689867317676544189e-01
2.690226137638092041e-01
7.310276627540588379e-01
2.689949870109558105e-01
2.690749168395996094e-01
2.726574838161468506e-01
7.309600710868835449e-01
2.691104114055633545e-01
7.310231924057006836e-01
7.310224175453186035e-01
7.310271859169006348e-01
7.310188412666320801e-01
2.691107392311096191e-01
2.690194249153137207e-01
2.690030336380004883e-01
2.689759731292724609e-01
2.689869403839111328e-01
7.308875322341918945e-01
7.309973239898681641e-01
2.690226733684539795e-01
2.702764272689819336e-01
2.690305113792419434e-01
2.689805924892425537e-01
2.689791917800903320e-01
2.690301835536956787e-01
2.696639895439147949e-01
2.690087258815765381e-01
2.694156765937805176e-01
7.310297489166259766e-01
2.690056264400482178e-01
7.310193777084350586e-01
2.689861655235290527e-01
7.309966087341308594e-01
7.194021940231323242e-01
7.310257554054260254e-01
2.692643105983734131e-01
2.691465616226196289e-01
7.310249209403991699e-01
7.310155630111694336e-01
2.693184316158294678e-01
2.690230309963226318e-01
7.302783131599426270e-01
2.689867317676544189e-01
7.310010194778442383e-01
7.309666275978088379e-01
7.310259342193603516e-01
7.310284972190856934e-01
7.310199141502380371e-01
7.310279011726379395e-01
7.310206294059753418e-01
7.310181856155395508e-01
2.689951956272125244e-01
7.310156822204589844e-01
7.309807538986206055e-01
7.309564948081970215e-01
2.689922451972961426e-01
2.689917385578155518e-01
7.310214638710021973e-01
7.310221791267395020e-01
2.689918875694274902e-01
7.310272455215454102e-01
7.309965491294860840e-01
2.696333229541778564e-01
2.690069079399108887e-01
2.690044045448303223e-01
2.689795494079589844e-01
2.692245244979858398e-01
2.689879536628723145e-01
2.694078683853149414e-01
7.309812903404235840e-01
2.690382599830627441e-01
2.689805924892425537e-01
2.690524458885192871e-01
7.309861183166503906e-01
7.310197353363037109e-01
2.689911127090454102e-01
2.689891159534454346e-01
7.310254573822021484e-01
6.021213531494140625e-01
2.690837681293487549e-01
7.310247421264648438e-01
2.690089046955108643e-01
2.689889967441558838e-01
2.689794898033142090e-01
7.310249805450439453e-01
7.310245633125305176e-01
6.740455031394958496e-01
7.310141324996948242e-01
7.310269474983215332e-01
7.310084104537963867e-01
2.690089046955108643e-01
2.690017521381378174e-01
2.691049873828887939e-01
2.691145241260528564e-01
7.310087680816650391e-01
7.309422492980957031e-01
2.701167464256286621e-01
2.689718306064605713e-01
2.689825892448425293e-01
2.689996957778930664e-01
2.689813971519470215e-01
2.690312862396240234e-01
2.705072760581970215e-01
2.690108418464660645e-01
2.689907848834991455e-01
2.691614627838134766e-01
7.309976220130920410e-01
2.689815163612365723e-01
2.689897716045379639e-01
7.234843969345092773e-01
7.310175895690917969e-01
2.690111696720123291e-01
2.690795660018920898e-01
2.689845860004425049e-01
7.310248613357543945e-01
7.310207486152648926e-01
2.691566348075866699e-01
7.310278415679931641e-01
2.692009210586547852e-01
2.692815065383911133e-01
2.691074609756469727e-01
2.689895927906036377e-01
2.691043317317962646e-01
2.689873278141021729e-01
2.690042853355407715e-01
7.309514880180358887e-01
2.690251767635345459e-01
3.712385296821594238e-01
6.760960817337036133e-01
7.310301065444946289e-01
7.310276031494140625e-01
2.690882980823516846e-01
7.310252189636230469e-01
2.689869999885559082e-01
2.689833045005798340e-01
7.310147285461425781e-01
7.310229539871215820e-01
2.690543234348297119e-01
2.697244286537170410e-01
2.690049707889556885e-01
2.689801752567291260e-01
7.309038043022155762e-01
7.310190200805664062e-01
7.310268878936767578e-01
7.309645414352416992e-01
7.310262918472290039e-01
2.690030634403228760e-01
7.310248017311096191e-01
7.308011054992675781e-01
7.310184836387634277e-01
2.689798474311828613e-01
7.310094237327575684e-01
7.309258580207824707e-01
2.703976631164550781e-01
2.689804434776306152e-01
2.689963877201080322e-01
2.691208422183990479e-01
2.706867754459381104e-01
2.690208554267883301e-01
2.690101861953735352e-01
2.690387368202209473e-01
2.690602242946624756e-01
2.784179747104644775e-01
7.310297489166259766e-01
2.689840793609619141e-01
2.690166831016540527e-01
2.689804136753082275e-01
7.310105562210083008e-01
7.310186624526977539e-01
4.016267955303192139e-01
7.310192584991455078e-01
2.716790437698364258e-01
2.690081000328063965e-01
7.308241128921508789e-01
2.690055370330810547e-01
7.310289740562438965e-01
7.310228943824768066e-01
2.689876556396484375e-01
7.310267686843872070e-01
2.691480815410614014e-01
7.310187220573425293e-01
7.310234904289245605e-01
7.310234308242797852e-01
2.690478265285491943e-01
2.689950168132781982e-01
2.690163850784301758e-01
2.693423628807067871e-01
7.309759259223937988e-01
7.310267090797424316e-01
2.689946889877319336e-01
7.310260534286499023e-01
2.700380086898803711e-01
7.309991717338562012e-01
7.310230731964111328e-01
7.310276627540588379e-01
7.218754887580871582e-01
7.176989912986755371e-01
7.310221791267395020e-01
5.567219853401184082e-01
2.689813077449798584e-01
2.690012156963348389e-01
7.310253381729125977e-01
2.689890563488006592e-01
2.690596878528594971e-01
2.689817249774932861e-01
2.690041661262512207e-01
7.309856414794921875e-01
2.690048515796661377e-01
2.689906358718872070e-01
7.310208082199096680e-01
2.714534103870391846e-01
2.689838707447052002e-01
7.310225367546081543e-01
2.690062522888183594e-01
2.689825296401977539e-01
2.689882814884185791e-01
7.310268878936767578e-01
2.690258026123046875e-01
7.308818101882934570e-01
7.305848002433776855e-01
7.310190796852111816e-01
7.309881448745727539e-01
7.310241460800170898e-01
7.310304641723632812e-01
7.310189008712768555e-01
7.307422757148742676e-01
7.310283184051513672e-01
7.309583425521850586e-01
7.309302091598510742e-01
7.310225367546081543e-01
7.302915453910827637e-01
2.689860463142395020e-01
7.310127615928649902e-01
7.309749126434326172e-01
7.310279011726379395e-01
7.309378385543823242e-01
7.306999564170837402e-01
2.689963281154632568e-01
2.690352201461791992e-01
2.691057920455932617e-01
2.690099477767944336e-01
2.691431045532226562e-01
2.708686292171478271e-01
2.690351307392120361e-01
7.309682965278625488e-01
7.310128808021545410e-01
7.310175299644470215e-01
2.689807415008544922e-01
2.689878642559051514e-01
2.689910233020782471e-01
2.693540751934051514e-01
2.690922915935516357e-01
7.310169339179992676e-01
7.310220003128051758e-01
2.690106034278869629e-01
2.689903080463409424e-01
7.304795384407043457e-01
7.310059666633605957e-01
2.689948081970214844e-01
7.308969497680664062e-01
6.787459850311279297e-01
7.310169339179992676e-01
2.689902484416961670e-01
2.690179347991943359e-01
2.690276801586151123e-01
2.689810693264007568e-01
2.690218389034271240e-01
2.689958810806274414e-01
2.690562009811401367e-01
2.689743041992187500e-01
7.310249805450439453e-01
2.692516148090362549e-01
2.689855694770812988e-01
7.309856414794921875e-01
7.310307025909423828e-01
2.689929902553558350e-01
7.310254573822021484e-01
7.310171127319335938e-01
2.689887583255767822e-01
6.508603096008300781e-01
2.690283358097076416e-01
3.345767855644226074e-01
7.309646010398864746e-01
2.689810991287231445e-01
7.310263514518737793e-01
7.309885025024414062e-01
7.310088276863098145e-01
7.152274847030639648e-01
2.690707445144653320e-01
7.283703684806823730e-01
2.701327502727508545e-01
2.689862549304962158e-01
7.309949994087219238e-01
2.690154314041137695e-01
2.690227925777435303e-01
7.309044599533081055e-01
2.689774334430694580e-01
7.310027480125427246e-01
2.689813673496246338e-01
2.690510153770446777e-01
7.310223579406738281e-01
7.310291528701782227e-01
7.310308814048767090e-01
2.691299617290496826e-01
2.692985534667968750e-01
7.310034632682800293e-01
2.689898908138275146e-01
7.309933900833129883e-01
7.310259938240051270e-01
2.690036594867706299e-01
7.309967875480651855e-01
7.247034311294555664e-01
2.689911127090454102e-01
7.310097217559814453e-01
2.691174745559692383e-01
2.689846754074096680e-01
2.691518366336822510e-01
2.689865231513977051e-01
2.689913511276245117e-01
7.310268282890319824e-01
2.689891755580902100e-01
7.310324907302856445e-01
2.689861953258514404e-01
2.690801620483398438e-01
7.310185432434082031e-01
2.690089046955108643e-01
2.690069973468780518e-01
7.310198545455932617e-01
2.689826190471649170e-01
2.692902982234954834e-01
2.690990567207336426e-01
2.693326473236083984e-01
7.310014367103576660e-01
7.270234227180480957e-01
2.689864337444305420e-01
7.310165166854858398e-01
7.309991121292114258e-01
2.691394388675689697e-01
2.692587673664093018e-01
2.694776356220245361e-01
6.510854363441467285e-01
7.254723906517028809e-01
2.690192759037017822e-01
2.689802646636962891e-01
7.310287952423095703e-01
2.689920365810394287e-01
7.310184240341186523e-01
7.309842109680175781e-01
7.298131585121154785e-01
7.287064194679260254e-01
6.388352513313293457e-01
2.690053582191467285e-01
7.309790849685668945e-01
7.309989929199218750e-01
2.691689729690551758e-01
2.690800130367279053e-01
7.310214638710021973e-01
7.310248613357543945e-01
2.690118551254272461e-01
2.691450119018554688e-01
2.690213620662689209e-01
2.689810395240783691e-01
7.310287952423095703e-01
2.690249383449554443e-01
2.691247463226318359e-01
