2.702255249023437500e-01
2.689521014690399170e-01
2.689530551433563232e-01
7.310485243797302246e-01
2.689597010612487793e-01
7.310486435890197754e-01
2.689525783061981201e-01
2.689601778984069824e-01
7.310231924057006836e-01
7.310488820075988770e-01
7.310491204261779785e-01
7.310485839843750000e-01
7.310408353805541992e-01
2.689521610736846924e-01
7.310492992401123047e-01
7.310492396354675293e-01
2.690007686614990234e-01
7.310495376586914062e-01
2.689522504806518555e-01
2.689530551433563232e-01
2.690407633781433105e-01
2.697714269161224365e-01
2.689531743526458740e-01
2.689521014690399170e-01
7.310491800308227539e-01
7.310491800308227539e-01
2.715423107147216797e-01
2.689772844314575195e-01
7.310482859611511230e-01
7.310487031936645508e-01
7.310440540313720703e-01
2.689522802829742432e-01
2.689524292945861816e-01
7.310492992401123047e-01
7.310492992401123047e-01
7.310479879379272461e-01
7.310475111007690430e-01
2.689534425735473633e-01
2.689576447010040283e-01
2.689529657363891602e-01
7.310492992401123047e-01
7.310491204261779785e-01
7.296242117881774902e-01
2.689526379108428955e-01
2.689588963985443115e-01
7.310495376586914062e-01
2.690031230449676514e-01
7.310492992401123047e-01
7.310478091239929199e-01
7.310485243797302246e-01
7.310469746589660645e-01
2.689532935619354248e-01
2.689528763294219971e-01
2.689521610736846924e-01
2.689523994922637939e-01
2.689531147480010986e-01
7.310493588447570801e-01
2.689556777477264404e-01
2.745080590248107910e-01
7.310414314270019531e-01
7.310355901718139648e-01
2.689524292945861816e-01
7.310496568679809570e-01
2.689521610736846924e-01
7.310482859611511230e-01
2.690004408359527588e-01
7.310485243797302246e-01
7.310495376586914062e-01
2.689527273178100586e-01
2.689630091190338135e-01
2.689532935619354248e-01
2.689526677131652832e-01
7.118638753890991211e-01
5.219216942787170410e-01
7.310492992401123047e-01
7.310493588447570801e-01
2.689523994922637939e-01
2.689542174339294434e-01
2.689521610736846924e-01
2.689538598060607910e-01
2.689522802829742432e-01
2.690486311912536621e-01
2.689526975154876709e-01
7.310492992401123047e-01
7.310417890548706055e-01
2.689520716667175293e-01
2.689530551433563232e-01
2.689550220966339111e-01
7.310487031936645508e-01
2.689527273178100586e-01
2.689536809921264648e-01
2.689530551433563232e-01
7.310461401939392090e-01
7.310489416122436523e-01
7.310485839843750000e-01
2.689539492130279541e-01
7.310379147529602051e-01
2.689522504806518555e-01
2.689523994922637939e-01
2.689525783061981201e-01
2.689528167247772217e-01
7.310491204261779785e-01
7.310481667518615723e-01
7.310488820075988770e-01
7.310485839843750000e-01
2.689525783061981201e-01
7.310493588447570801e-01
2.689521014690399170e-01
2.689532041549682617e-01
2.689679861068725586e-01
2.689526975154876709e-01
2.691763341426849365e-01
7.310495376586914062e-01
2.690049111843109131e-01
7.310379743576049805e-01
2.689538896083831787e-01
2.690860927104949951e-01
2.689862549304962158e-01
2.690091133117675781e-01
2.689529657363891602e-01
2.689524292945861816e-01
7.309757471084594727e-01
2.689521014690399170e-01
7.310488820075988770e-01
2.689698338508605957e-01
7.310177087783813477e-01
7.310492992401123047e-01
7.310492396354675293e-01
2.689519822597503662e-01
7.310495376586914062e-01
7.310489416122436523e-01
7.310490608215332031e-01
2.689940929412841797e-01
2.689522802829742432e-01
2.689522802829742432e-01
2.689520716667175293e-01
7.310202121734619141e-01
7.310492992401123047e-01
7.310484051704406738e-01
2.689522504806518555e-01
7.310492396354675293e-01
7.310252189636230469e-01
2.689642012119293213e-01
2.689524292945861816e-01
7.310495376586914062e-01
7.310318350791931152e-01
2.689533233642578125e-01
2.689592242240905762e-01
7.310482859611511230e-01
2.689525187015533447e-01
7.310491204261779785e-01
7.310265898704528809e-01
2.689521312713623047e-01
2.689524292945861816e-01
7.310488224029541016e-01
2.689598798751831055e-01
7.310494184494018555e-01
2.689606845378875732e-01
2.689844667911529541e-01
2.689521312713623047e-01
2.689523100852966309e-01
2.689521610736846924e-01
2.689520716667175293e-01
2.689538896083831787e-01
2.689533531665802002e-01
2.689526379108428955e-01
7.310488820075988770e-01
7.310435771942138672e-01
2.689527273178100586e-01
2.689523398876190186e-01
7.310491204261779785e-01
2.689543664455413818e-01
7.310492396354675293e-01
2.689665555953979492e-01
7.093559503555297852e-01
7.310484051704406738e-01
7.310457229614257812e-01
7.310389280319213867e-01
7.310492396354675293e-01
7.310488820075988770e-01
7.310486435890197754e-01
7.310157418251037598e-01
7.310494184494018555e-01
7.309069037437438965e-01
7.310490012168884277e-01
7.310495376586914062e-01
2.689706981182098389e-01
7.310494184494018555e-01
7.308672666549682617e-01
2.689528763294219971e-01
2.689529955387115479e-01
2.689528167247772217e-01
2.689521610736846924e-01
2.689524292945861816e-01
2.689546942710876465e-01
7.310078740119934082e-01
7.310285568237304688e-01
7.310479283332824707e-01
2.689521610736846924e-01
7.310475707054138184e-01
2.689527273178100586e-01
2.689523994922637939e-01
7.310443520545959473e-01
7.310486435890197754e-01
7.310485243797302246e-01
7.310472726821899414e-01
2.703057527542114258e-01
2.690491676330566406e-01
2.689556181430816650e-01
7.310492992401123047e-01
2.690451741218566895e-01
2.689531743526458740e-01
2.689529061317443848e-01
2.689522504806518555e-01
7.310414314270019531e-01
2.689530551433563232e-01
7.310494184494018555e-01
2.689523994922637939e-01
2.689523100852966309e-01
2.689521610736846924e-01
2.689528167247772217e-01
2.689549624919891357e-01
7.310472726821899414e-01
7.310492992401123047e-01
2.690256834030151367e-01
7.310487031936645508e-01
7.310486435890197754e-01
7.310494184494018555e-01
2.689533829689025879e-01
7.310485243797302246e-01
7.310494184494018555e-01
7.310492992401123047e-01
2.689522504806518555e-01
7.309984564781188965e-01
2.689525187015533447e-01
7.297646403312683105e-01
7.310471534729003906e-01
7.310485243797302246e-01
7.310488224029541016e-01
2.689667940139770508e-01
2.689531445503234863e-01
7.310323715209960938e-01
2.689659297466278076e-01
2.689525783061981201e-01
7.310494184494018555e-01
7.310093045234680176e-01
2.737419307231903076e-01
7.310490012168884277e-01
2.689706385135650635e-01
7.310491800308227539e-01
2.689526379108428955e-01
7.310279011726379395e-01
2.689527869224548340e-01
2.689534127712249756e-01
2.689523100852966309e-01
2.689537703990936279e-01
7.310480475425720215e-01
7.310492396354675293e-01
2.689576745033264160e-01
2.690829932689666748e-01
7.310494184494018555e-01
2.689521014690399170e-01
2.689529657363891602e-01
2.689522802829742432e-01
7.310495376586914062e-01
7.308727502822875977e-01
2.689520120620727539e-01
7.310483455657958984e-01
7.310481667518615723e-01
2.689622044563293457e-01
7.310304641723632812e-01
7.310493588447570801e-01
7.309902310371398926e-01
2.689533233642578125e-01
2.689552903175354004e-01
2.689529955387115479e-01
2.689592838287353516e-01
2.689524888992309570e-01
7.310495376586914062e-01
2.689544260501861572e-01
7.310488224029541016e-01
6.311122775077819824e-01
2.689522802829742432e-01
2.689531445503234863e-01
7.310492992401123047e-01
7.310492396354675293e-01
2.689620852470397949e-01
2.690030634403228760e-01
2.690424323081970215e-01
2.689521610736846924e-01
7.310485243797302246e-01
2.689524292945861816e-01
7.310491800308227539e-01
2.689525187015533447e-01
2.689539194107055664e-01
2.689525783061981201e-01
2.689522206783294678e-01
7.310484051704406738e-01
7.308135032653808594e-01
2.689529657363891602e-01
7.310495376586914062e-01
7.310486435890197754e-01
2.689708769321441650e-01
2.689540088176727295e-01
7.310492992401123047e-01
7.310445904731750488e-01
2.689537405967712402e-01
2.689521014690399170e-01
2.689522504806518555e-01
2.689523994922637939e-01
7.310482859611511230e-01
2.689538896083831787e-01
7.310141324996948242e-01
2.689830064773559570e-01
2.689521610736846924e-01
2.689524888992309570e-01
2.689522504806518555e-01
7.289505004882812500e-01
2.689532935619354248e-01
7.310310006141662598e-01
7.310491800308227539e-01
2.689522802829742432e-01
7.310492992401123047e-01
7.309955358505249023e-01
7.310470342636108398e-01
2.689558565616607666e-01
7.310494184494018555e-01
2.689535915851593018e-01
2.689522504806518555e-01
7.310496568679809570e-01
2.689543664455413818e-01
7.309500575065612793e-01
7.310494184494018555e-01
2.690337002277374268e-01
7.310492396354675293e-01
2.689526677131652832e-01
2.689535319805145264e-01
7.310457825660705566e-01
2.689532935619354248e-01
2.689535319805145264e-01
2.689744234085083008e-01
7.310023307800292969e-01
2.737283408641815186e-01
7.310477495193481445e-01
7.310485839843750000e-01
7.310490012168884277e-01
7.310495376586914062e-01
2.714433372020721436e-01
2.689524292945861816e-01
2.690155804157257080e-01
2.689522504806518555e-01
2.689521610736846924e-01
7.140821218490600586e-01
7.310484647750854492e-01
2.689521014690399170e-01
2.690478861331939697e-01
2.689522504806518555e-01
2.689521014690399170e-01
2.689522504806518555e-01
2.689528167247772217e-01
7.310205698013305664e-01
7.310375571250915527e-01
7.122247815132141113e-01
7.310495972633361816e-01
2.689522802829742432e-01
7.310495376586914062e-01
2.689521610736846924e-01
7.310240268707275391e-01
7.310072779655456543e-01
7.310492992401123047e-01
2.690259516239166260e-01
2.689589262008666992e-01
7.310494184494018555e-01
7.310489416122436523e-01
2.689576148986816406e-01
2.689528167247772217e-01
4.570644795894622803e-01
2.689521610736846924e-01
7.310488224029541016e-01
7.310475707054138184e-01
7.310492992401123047e-01
7.310489416122436523e-01
7.310496568679809570e-01
7.310479283332824707e-01
7.310485243797302246e-01
7.310496568679809570e-01
2.689523100852966309e-01
7.310451865196228027e-01
7.310495376586914062e-01
7.309984564781188965e-01
2.689528763294219971e-01
2.689523994922637939e-01
7.310496568679809570e-01
7.310497760772705078e-01
2.689805924892425537e-01
7.310485243797302246e-01
7.310495972633361816e-01
7.309417724609375000e-01
2.689567506313323975e-01
2.689526081085205078e-01
2.689525485038757324e-01
2.689667940139770508e-01
2.689523100852966309e-01
2.690625786781311035e-01
7.310354113578796387e-01
2.689597010612487793e-01
2.689523398876190186e-01
2.689632475376129150e-01
2.954978942871093750e-01
7.310487031936645508e-01
2.689523398876190186e-01
2.689529061317443848e-01
7.310454845428466797e-01
7.162899971008300781e-01
2.695204913616180420e-01
7.310495972633361816e-01
7.310463786125183105e-01
2.689523398876190186e-01
2.689524888992309570e-01
7.310489416122436523e-01
7.310492992401123047e-01
2.689531743526458740e-01
7.310484051704406738e-01
7.310486435890197754e-01
7.310495376586914062e-01
2.689526677131652832e-01
2.689526975154876709e-01
2.689669430255889893e-01
7.310203909873962402e-01
7.310481071472167969e-01
7.310496568679809570e-01
2.689552307128906250e-01
2.689524888992309570e-01
2.689521610736846924e-01
2.689526379108428955e-01
2.689535617828369141e-01
2.689537107944488525e-01
2.690579295158386230e-01
2.689526677131652832e-01
2.689524888992309570e-01
7.310370802879333496e-01
7.310391068458557129e-01
2.689536213874816895e-01
2.689521014690399170e-01
7.310478091239929199e-01
7.310486435890197754e-01
2.689537703990936279e-01
2.689611017704010010e-01
2.689523994922637939e-01
7.310493588447570801e-01
7.310494184494018555e-01
2.689524292945861816e-01
7.310479879379272461e-01
7.246270179748535156e-01
2.690094709396362305e-01
2.689650356769561768e-01
2.689528167247772217e-01
2.689591050148010254e-01
2.689522504806518555e-01
2.689522504806518555e-01
7.310401201248168945e-01
2.689707875251770020e-01
2.689782977104187012e-01
7.309491038322448730e-01
7.310488820075988770e-01
7.310491800308227539e-01
2.689531445503234863e-01
7.310485243797302246e-01
2.689525485038757324e-01
2.689527273178100586e-01
7.310487031936645508e-01
7.310491800308227539e-01
2.689536213874816895e-01
7.310419678688049316e-01
2.689523994922637939e-01
2.689522504806518555e-01
7.310423851013183594e-01
7.310495972633361816e-01
7.310492992401123047e-01
7.310488224029541016e-01
7.310484647750854492e-01
2.689531743526458740e-01
7.310492992401123047e-01
7.309088706970214844e-01
7.310469746589660645e-01
2.689522504806518555e-01
7.310494184494018555e-01
2.689740061759948730e-01
2.689705193042755127e-01
2.689522802829742432e-01
2.689521610736846924e-01
2.689534425735473633e-01
2.689536809921264648e-01
2.689522504806518555e-01
2.689528167247772217e-01
2.689555287361145020e-01
7.308914661407470703e-01
2.689666152000427246e-01
7.310488224029541016e-01
2.689521610736846924e-01
2.689538896083831787e-01
2.689524888992309570e-01
2.689548432826995850e-01
7.310492396354675293e-01
2.699283063411712646e-01
7.310491800308227539e-01
2.696393430233001709e-01
2.689877748489379883e-01
7.310383319854736328e-01
2.689521610736846924e-01
7.310488820075988770e-01
7.310491800308227539e-01
2.689523994922637939e-01
7.310488820075988770e-01
2.699986696243286133e-01
7.310496568679809570e-01
7.310467362403869629e-01
7.310480475425720215e-01
2.689539492130279541e-01
2.689523994922637939e-01
2.689523100852966309e-01
2.695719897747039795e-01
7.310112118721008301e-01
7.310491800308227539e-01
2.689524888992309570e-01
7.310482859611511230e-01
2.689698338508605957e-01
7.310403585433959961e-01
7.310491800308227539e-01
7.310494780540466309e-01
7.298560738563537598e-01
7.310097217559814453e-01
7.310495376586914062e-01
7.308419346809387207e-01
2.689527273178100586e-01
2.689521014690399170e-01
7.310484051704406738e-01
7.310495376586914062e-01
2.689559459686279297e-01
2.689521610736846924e-01
2.689525783061981201e-01
7.310387492179870605e-01
7.305704951286315918e-01
2.689524888992309570e-01
7.310495376586914062e-01
7.145138978958129883e-01
2.689541578292846680e-01
7.310496568679809570e-01
2.689658999443054199e-01
2.689534425735473633e-01
2.689523100852966309e-01
7.310495972633361816e-01
2.689642012119293213e-01
7.310188412666320801e-01
7.310488224029541016e-01
7.310466766357421875e-01
7.309506535530090332e-01
7.310495376586914062e-01
7.310495376586914062e-01
7.310492992401123047e-01
2.689687907695770264e-01
7.310484051704406738e-01
7.310494184494018555e-01
7.310411334037780762e-01
7.310494184494018555e-01
7.310025095939636230e-01
2.689527273178100586e-01
7.310487031936645508e-01
7.310441732406616211e-01
7.310494184494018555e-01
3.145759403705596924e-01
7.310059666633605957e-01
2.689529061317443848e-01
2.689561843872070312e-01
2.689592838287353516e-01
7.310103178024291992e-01
2.690012753009796143e-01
7.308359146118164062e-01
2.689966261386871338e-01
7.291930913925170898e-01
7.310495972633361816e-01
7.310496568679809570e-01
2.689526975154876709e-01
2.689528167247772217e-01
2.689726948738098145e-01
2.689574658870697021e-01
2.689528763294219971e-01
2.877830564975738525e-01
7.310494184494018555e-01
2.689527869224548340e-01
2.689548730850219727e-01
2.689540386199951172e-01
2.689986824989318848e-01
2.689521610736846924e-01
7.310143709182739258e-01
2.689570188522338867e-01
7.310495972633361816e-01
2.689522802829742432e-01
2.689536809921264648e-01
2.689521312713623047e-01
2.689521014690399170e-01
2.689525485038757324e-01
2.689530551433563232e-01
2.689531147480010986e-01
2.689523994922637939e-01
7.310480475425720215e-01
2.844089567661285400e-01
2.689525187015533447e-01
2.689929306507110596e-01
7.310481071472167969e-01
2.689529955387115479e-01
7.310492992401123047e-01
7.310497760772705078e-01
2.689523994922637939e-01
2.733871340751647949e-01
2.689527869224548340e-01
2.689524888992309570e-01
7.310478091239929199e-01
2.689524888992309570e-01
7.310493588447570801e-01
7.310373187065124512e-01
7.310495972633361816e-01
2.689911425113677979e-01
2.689527273178100586e-01
7.310286760330200195e-01
7.301556468009948730e-01
2.689523994922637939e-01
7.310471534729003906e-01
2.689540386199951172e-01
2.689529657363891602e-01
7.310287952423095703e-01
2.689522504806518555e-01
7.310487031936645508e-01
2.689521610736846924e-01
2.689533829689025879e-01
7.310485839843750000e-01
7.310492992401123047e-01
7.310496568679809570e-01
2.689549624919891357e-01
2.689542472362518311e-01
7.310479283332824707e-01
2.689523994922637939e-01
7.310485243797302246e-01
7.310491204261779785e-01
2.689527571201324463e-01
7.310491204261779785e-01
7.309283018112182617e-01
2.689526975154876709e-01
7.310433387756347656e-01
2.689638733863830566e-01
2.689523398876190186e-01
2.689957320690155029e-01
2.689570784568786621e-01
2.689525783061981201e-01
7.310481667518615723e-01
2.689522802829742432e-01
7.310491800308227539e-01
2.689528167247772217e-01
2.689805924892425537e-01
7.310495376586914062e-01
2.689524888992309570e-01
2.689525783061981201e-01
7.310489416122436523e-01
2.689557969570159912e-01
2.689639031887054443e-01
2.689530551433563232e-01
2.689597904682159424e-01
7.310328483581542969e-01
7.309455871582031250e-01
2.689520120620727539e-01
7.310495972633361816e-01
2.693306505680084229e-01
2.689552307128906250e-01
2.689668536186218262e-01
2.689543664455413818e-01
7.304269075393676758e-01
7.310495376586914062e-01
7.309544086456298828e-01
2.689521610736846924e-01
7.310497760772705078e-01
2.689525187015533447e-01
7.310488820075988770e-01
7.310370802879333496e-01
7.310414314270019531e-01
2.689645290374755859e-01
7.310463786125183105e-01
2.689525187015533447e-01
7.310495972633361816e-01
7.310415506362915039e-01
2.689552307128906250e-01
7.309775352478027344e-01
7.310482263565063477e-01
7.310484051704406738e-01
7.310259938240051270e-01
2.689652740955352783e-01
2.689585089683532715e-01
2.689533531665802002e-01
7.310489416122436523e-01
2.689524888992309570e-01
2.689550518989562988e-01
