4.069361984729766846e-01
3.015819489955902100e-01
2.825692892074584961e-01
7.275050282478332520e-01
4.638550579547882080e-01
7.274392247200012207e-01
2.693398594856262207e-01
2.694282829761505127e-01
7.251580953598022461e-01
7.287035584449768066e-01
7.262800335884094238e-01
7.283051609992980957e-01
7.124221324920654297e-01
2.765229642391204834e-01
7.201632261276245117e-01
7.278072834014892578e-01
3.344541788101196289e-01
7.155909538269042969e-01
2.984423935413360596e-01
2.818010449409484863e-01
2.705302238464355469e-01
3.154692649841308594e-01
2.695840001106262207e-01
2.703706622123718262e-01
7.258130908012390137e-01
7.257181406021118164e-01
2.813639342784881592e-01
3.070846796035766602e-01
7.283546924591064453e-01
7.276893258094787598e-01
7.175060510635375977e-01
2.752567827701568604e-01
2.755346000194549561e-01
7.268789410591125488e-01
7.265825867652893066e-01
5.770471096038818359e-01
7.262967228889465332e-01
2.737985849380493164e-01
2.812209129333496094e-01
2.698112130165100098e-01
7.268744707107543945e-01
7.282083630561828613e-01
3.454018533229827881e-01
2.693730592727661133e-01
5.595310330390930176e-01
7.271749973297119141e-01
2.796720862388610840e-01
7.284696698188781738e-01
7.292185425758361816e-01
7.235316634178161621e-01
6.948820948600769043e-01
2.697875797748565674e-01
2.746918201446533203e-01
2.834237813949584961e-01
2.695159912109375000e-01
4.400034844875335693e-01
7.264036536216735840e-01
2.796417176723480225e-01
3.052738010883331299e-01
7.170050144195556641e-01
4.467145502567291260e-01
2.720003724098205566e-01
7.286215424537658691e-01
2.704816758632659912e-01
7.272320389747619629e-01
2.875806689262390137e-01
7.183094024658203125e-01
7.276959419250488281e-01
2.691462934017181396e-01
3.043613433837890625e-01
3.351286351680755615e-01
2.861252129077911377e-01
5.568299293518066406e-01
2.883859872817993164e-01
7.272424697875976562e-01
7.236115932464599609e-01
2.758165001869201660e-01
2.830542027950286865e-01
2.705049812793731689e-01
2.712324559688568115e-01
2.703565359115600586e-01
6.298490166664123535e-01
3.010027408599853516e-01
7.137825489044189453e-01
7.189858555793762207e-01
2.765066325664520264e-01
2.722345888614654541e-01
2.863316833972930908e-01
7.289609313011169434e-01
2.917281687259674072e-01
2.777916789054870605e-01
2.722765207290649414e-01
7.135249376296997070e-01
7.028797268867492676e-01
7.271533012390136719e-01
5.695043206214904785e-01
4.488017261028289795e-01
2.697587013244628906e-01
2.776411473751068115e-01
2.702166438102722168e-01
3.091090321540832520e-01
7.191041111946105957e-01
6.983016133308410645e-01
7.283544540405273438e-01
7.292716503143310547e-01
2.696509659290313721e-01
7.275300621986389160e-01
3.009462356567382812e-01
2.800639867782592773e-01
2.820962071418762207e-01
2.720448374748229980e-01
3.686827123165130615e-01
7.222604751586914062e-01
2.728347480297088623e-01
7.216355204582214355e-01
2.742452323436737061e-01
3.892920911312103271e-01
7.117986083030700684e-01
2.734181284904479980e-01
2.873545587062835693e-01
2.712520062923431396e-01
3.655972182750701904e-01
2.695047557353973389e-01
7.285893559455871582e-01
2.891396284103393555e-01
6.541180014610290527e-01
7.280321717262268066e-01
7.284532189369201660e-01
2.693526148796081543e-01
7.262799143791198730e-01
6.762281656265258789e-01
7.284367084503173828e-01
3.069866895675659180e-01
2.696184515953063965e-01
2.710931599140167236e-01
2.723814249038696289e-01
4.609228074550628662e-01
7.269255518913269043e-01
7.289955615997314453e-01
3.178359866142272949e-01
7.255312204360961914e-01
6.666044592857360840e-01
4.181011617183685303e-01
2.755450606346130371e-01
7.232111096382141113e-01
4.782554805278778076e-01
3.072416186332702637e-01
3.414039909839630127e-01
7.250016927719116211e-01
2.696216404438018799e-01
7.272397875785827637e-01
7.129945755004882812e-01
2.729639708995819092e-01
2.691939175128936768e-01
6.122798323631286621e-01
4.228365123271942139e-01
7.190024852752685547e-01
2.836513221263885498e-01
3.038462698459625244e-01
2.697159349918365479e-01
2.698255777359008789e-01
2.706405520439147949e-01
2.749330103397369385e-01
3.153378963470458984e-01
2.692405283451080322e-01
2.744370102882385254e-01
7.293527126312255859e-01
6.980853080749511719e-01
4.517504274845123291e-01
2.711382210254669189e-01
7.195831537246704102e-01
3.174598217010498047e-01
7.259929776191711426e-01
2.724119424819946289e-01
5.156061053276062012e-01
7.263514399528503418e-01
2.843324244022369385e-01
6.495193839073181152e-01
7.263522148132324219e-01
4.349373877048492432e-01
7.285972237586975098e-01
3.171553313732147217e-01
7.101390957832336426e-01
3.057084977626800537e-01
7.280364632606506348e-01
7.162449359893798828e-01
6.441211104393005371e-01
7.287629246711730957e-01
4.079084694385528564e-01
2.730220258235931396e-01
2.710098922252655029e-01
2.736640870571136475e-01
2.723269760608673096e-01
2.699172794818878174e-01
3.978429734706878662e-01
7.121458649635314941e-01
7.179411053657531738e-01
6.813098192214965820e-01
2.704630494117736816e-01
7.045208215713500977e-01
3.177858889102935791e-01
2.727770209312438965e-01
7.213884592056274414e-01
7.290542721748352051e-01
7.275684475898742676e-01
7.270861864089965820e-01
2.855605781078338623e-01
3.909971117973327637e-01
3.604812324047088623e-01
7.294833064079284668e-01
6.673540472984313965e-01
2.939502000808715820e-01
2.751637995243072510e-01
2.696655392646789551e-01
7.139812707901000977e-01
2.824887335300445557e-01
7.272245287895202637e-01
2.708228230476379395e-01
2.765341103076934814e-01
2.706705629825592041e-01
3.464138507843017578e-01
3.876694142818450928e-01
7.211318612098693848e-01
6.559105515480041504e-01
7.008686065673828125e-01
7.199724316596984863e-01
7.255048155784606934e-01
7.245829701423645020e-01
2.704023420810699463e-01
7.197241187095642090e-01
7.272772789001464844e-01
7.266831398010253906e-01
2.699420154094696045e-01
6.882228851318359375e-01
2.809291183948516846e-01
7.112163901329040527e-01
5.441928505897521973e-01
6.049395799636840820e-01
7.272285819053649902e-01
3.365381360054016113e-01
4.038948714733123779e-01
7.141453623771667480e-01
2.855049371719360352e-01
2.699118256568908691e-01
7.263126373291015625e-01
3.516197502613067627e-01
3.097913265228271484e-01
7.274057865142822266e-01
3.191304206848144531e-01
7.275170683860778809e-01
2.722396850585937500e-01
4.581850469112396240e-01
2.713563144207000732e-01
2.790317833423614502e-01
3.288129866123199463e-01
2.831860482692718506e-01
7.261635065078735352e-01
7.215881347656250000e-01
2.856705188751220703e-01
6.046274304389953613e-01
7.262057662010192871e-01
2.714676558971405029e-01
2.699544429779052734e-01
3.017223775386810303e-01
7.253902554512023926e-01
6.230570077896118164e-01
2.693115770816802979e-01
6.766244173049926758e-01
6.651511192321777344e-01
5.620658397674560547e-01
5.992644429206848145e-01
7.246628999710083008e-01
4.467000961303710938e-01
2.709267735481262207e-01
5.818326473236083984e-01
3.394974470138549805e-01
4.444266557693481445e-01
2.737132608890533447e-01
7.290126085281372070e-01
2.711607813835144043e-01
7.296494841575622559e-01
2.779398262500762939e-01
2.923220694065093994e-01
2.700515985488891602e-01
7.218917012214660645e-01
7.227752208709716797e-01
6.895318031311035156e-01
2.903787195682525635e-01
3.493627905845642090e-01
3.829299211502075195e-01
7.275021076202392578e-01
2.697612047195434570e-01
7.234982848167419434e-01
2.694787383079528809e-01
2.704842090606689453e-01
2.698559463024139404e-01
2.732303142547607422e-01
7.297147512435913086e-01
2.966778576374053955e-01
3.517256379127502441e-01
7.233350276947021484e-01
7.276775240898132324e-01
3.080087304115295410e-01
5.623118877410888672e-01
7.261537909507751465e-01
5.523907542228698730e-01
5.140767097473144531e-01
2.694623470306396484e-01
2.722896039485931396e-01
2.692816257476806641e-01
5.922613739967346191e-01
2.798430323600769043e-01
7.166059613227844238e-01
2.794370055198669434e-01
2.692800164222717285e-01
2.740421593189239502e-01
2.771648764610290527e-01
2.815360128879547119e-01
2.879304587841033936e-01
7.204816341400146484e-01
7.264733910560607910e-01
2.692881524562835693e-01
6.900116205215454102e-01
3.339582979679107666e-01
3.783557116985321045e-01
2.781640291213989258e-01
7.281907796859741211e-01
2.778037786483764648e-01
2.721978127956390381e-01
7.273814678192138672e-01
2.926193177700042725e-01
4.250497221946716309e-01
7.239071130752563477e-01
3.008451759815216064e-01
7.253111600875854492e-01
2.727862596511840820e-01
2.880770564079284668e-01
6.880350708961486816e-01
2.825787067413330078e-01
3.886958062648773193e-01
3.303689956665039062e-01
6.118439435958862305e-01
3.086043894290924072e-01
7.294643521308898926e-01
7.263199090957641602e-01
7.012698054313659668e-01
7.257894277572631836e-01
2.809805274009704590e-01
2.761811614036560059e-01
2.806077003479003906e-01
2.700936794281005859e-01
2.694938480854034424e-01
6.126501560211181641e-01
6.961622834205627441e-01
2.730442285537719727e-01
2.850913703441619873e-01
2.721985280513763428e-01
2.695910036563873291e-01
2.692135274410247803e-01
2.994841635227203369e-01
4.059212505817413330e-01
6.997609734535217285e-01
2.785457968711853027e-01
7.260420322418212891e-01
2.699351906776428223e-01
7.213029861450195312e-01
2.698049545288085938e-01
5.728387832641601562e-01
7.172546982765197754e-01
7.244117259979248047e-01
3.175481855869293213e-01
4.324847757816314697e-01
7.192572951316833496e-01
7.219211459159851074e-01
4.557365775108337402e-01
2.796542942523956299e-01
5.681090354919433594e-01
2.701855003833770752e-01
7.216315865516662598e-01
7.160642743110656738e-01
7.267563939094543457e-01
7.286525368690490723e-01
6.914771199226379395e-01
7.290513515472412109e-01
7.185111641883850098e-01
7.279997467994689941e-01
2.720083296298980713e-01
7.215449213981628418e-01
7.174997329711914062e-01
6.708750724792480469e-01
2.692891955375671387e-01
2.705571353435516357e-01
7.268049120903015137e-01
7.280028462409973145e-01
2.721264362335205078e-01
7.276805639266967773e-01
7.255754470825195312e-01
2.988764941692352295e-01
2.919513285160064697e-01
3.043929338455200195e-01
2.692396342754364014e-01
3.298211395740509033e-01
2.709400057792663574e-01
4.290383756160736084e-01
6.651390790939331055e-01
2.752818167209625244e-01
2.700402140617370605e-01
2.859952151775360107e-01
5.293530225753784180e-01
7.138383984565734863e-01
2.693478167057037354e-01
2.735921442508697510e-01
7.177537679672241211e-01
3.072780072689056396e-01
2.911974191665649414e-01
7.231191992759704590e-01
5.304871797561645508e-01
2.797339856624603271e-01
2.700805962085723877e-01
7.263541817665100098e-01
7.241063714027404785e-01
6.261852979660034180e-01
7.283258438110351562e-01
7.284767031669616699e-01
7.161265015602111816e-01
2.765258252620697021e-01
2.720654606819152832e-01
3.095133900642395020e-01
3.700227737426757812e-01
7.015167474746704102e-01
5.813971757888793945e-01
2.901356816291809082e-01
2.692863941192626953e-01
2.692527472972869873e-01
2.820182740688323975e-01
2.692214846611022949e-01
3.169815242290496826e-01
4.722199738025665283e-01
2.756261825561523438e-01
2.694783210754394531e-01
5.192382931709289551e-01
7.160772681236267090e-01
2.698029577732086182e-01
2.697790861129760742e-01
6.387690305709838867e-01
7.233443260192871094e-01
2.768866717815399170e-01
2.972766757011413574e-01
2.713299989700317383e-01
7.248297333717346191e-01
7.081085443496704102e-01
2.995012998580932617e-01
7.292383313179016113e-01
3.123260736465454102e-01
3.384757936000823975e-01
3.026875257492065430e-01
2.703157961368560791e-01
3.647555410861968994e-01
2.727072536945343018e-01
2.711780965328216553e-01
6.826870441436767578e-01
3.439148664474487305e-01
3.330705165863037109e-01
6.878840923309326172e-01
7.277211546897888184e-01
7.233740091323852539e-01
2.912072241306304932e-01
6.782225370407104492e-01
2.701231539249420166e-01
2.708259820938110352e-01
7.112970948219299316e-01
7.251722812652587891e-01
2.744452655315399170e-01
6.996741890907287598e-01
3.850024938583374023e-01
2.711353003978729248e-01
7.082856893539428711e-01
7.281335592269897461e-01
7.260800004005432129e-01
7.141001224517822266e-01
7.228531837463378906e-01
2.779455482959747314e-01
7.213075757026672363e-01
6.238602995872497559e-01
7.170849442481994629e-01
2.694782912731170654e-01
7.061777710914611816e-01
6.758305430412292480e-01
2.990905642509460449e-01
2.705858349800109863e-01
2.701015770435333252e-01
3.256802260875701904e-01
2.892671227455139160e-01
2.713434100151062012e-01
2.768283784389495850e-01
2.793167829513549805e-01
2.863881289958953857e-01
5.905597805976867676e-01
7.285993695259094238e-01
2.698284387588500977e-01
2.707889676094055176e-01
2.692049741744995117e-01
6.482798457145690918e-01
7.273148894309997559e-01
3.422386050224304199e-01
7.284374833106994629e-01
3.468121588230133057e-01
3.182556629180908203e-01
7.277904152870178223e-01
2.703944742679595947e-01
7.285822629928588867e-01
7.262841463088989258e-01
2.775450646877288818e-01
7.288190126419067383e-01
2.839110493659973145e-01
7.260313034057617188e-01
7.237042188644409180e-01
7.238174080848693848e-01
2.846879959106445312e-01
2.941871285438537598e-01
3.776644468307495117e-01
3.220593333244323730e-01
7.186989188194274902e-01
7.267687916755676270e-01
2.700224518775939941e-01
7.285439968109130859e-01
3.851755261421203613e-01
7.131780385971069336e-01
7.223272323608398438e-01
7.265429496765136719e-01
6.024715900421142578e-01
3.834307491779327393e-01
7.258293032646179199e-01
4.115749597549438477e-01
2.691515386104583740e-01
2.736435532569885254e-01
4.901009500026702881e-01
4.660249352455139160e-01
3.143171072006225586e-01
2.723253667354583740e-01
2.775512635707855225e-01
6.248635649681091309e-01
2.757077515125274658e-01
2.711768448352813721e-01
7.151505947113037109e-01
2.884305417537689209e-01
2.708386480808258057e-01
7.101038098335266113e-01
3.020270466804504395e-01
2.720777094364166260e-01
2.701404392719268799e-01
7.280632853507995605e-01
2.805930376052856445e-01
6.516970396041870117e-01
6.918346881866455078e-01
7.270643711090087891e-01
6.957901716232299805e-01
7.217924594879150391e-01
7.264882326126098633e-01
7.138909101486206055e-01
2.943176031112670898e-01
7.282328009605407715e-01
6.908949017524719238e-01
6.803064346313476562e-01
7.281676530838012695e-01
6.503122448921203613e-01
2.703180909156799316e-01
7.197346687316894531e-01
7.121649384498596191e-01
7.230801582336425781e-01
3.403865694999694824e-01
7.123048305511474609e-01
2.752206921577453613e-01
2.878243327140808105e-01
4.443265497684478760e-01
3.197799921035766602e-01
2.746824920177459717e-01
6.327049136161804199e-01
3.472193479537963867e-01
6.942059993743896484e-01
7.238441109657287598e-01
7.265378236770629883e-01
2.697240412235260010e-01
2.860637605190277100e-01
2.735417187213897705e-01
3.502511978149414062e-01
2.983134984970092773e-01
7.247503399848937988e-01
7.272647619247436523e-01
3.085727393627166748e-01
2.757400870323181152e-01
4.541008472442626953e-01
6.996639966964721680e-01
2.695654034614562988e-01
6.476908922195434570e-01
4.531283676624298096e-01
7.264801263809204102e-01
2.709793150424957275e-01
2.873726785182952881e-01
2.727583646774291992e-01
2.698097229003906250e-01
2.778049409389495850e-01
2.722745835781097412e-01
3.057141005992889404e-01
2.696668207645416260e-01
7.285191416740417480e-01
4.059049785137176514e-01
2.702434659004211426e-01
6.928442120552062988e-01
7.289196252822875977e-01
2.749142944812774658e-01
7.214359641075134277e-01
7.192294597625732422e-01
2.698610723018646240e-01
3.531307280063629150e-01
6.704102754592895508e-01
5.002868771553039551e-01
7.269252538681030273e-01
2.699656486511230469e-01
7.273930311203002930e-01
7.179682850837707520e-01
7.232179045677185059e-01
2.916091978549957275e-01
2.711892724037170410e-01
7.094249129295349121e-01
3.946713209152221680e-01
2.748609483242034912e-01
6.714341640472412109e-01
2.704347074031829834e-01
2.786283791065216064e-01
6.819900870323181152e-01
2.694528400897979736e-01
7.205772995948791504e-01
2.721213102340698242e-01
3.313588798046112061e-01
7.283358573913574219e-01
7.204819917678833008e-01
7.270355820655822754e-01
3.263230025768280029e-01
2.840428948402404785e-01
6.762008666992187500e-01
2.816756069660186768e-01
7.219439148902893066e-01
6.830155849456787109e-01
2.711977660655975342e-01
7.280586957931518555e-01
3.865984380245208740e-01
2.703936696052551270e-01
6.870859265327453613e-01
3.038228452205657959e-01
2.711997032165527344e-01
3.988383412361145020e-01
3.288144469261169434e-01
2.738089263439178467e-01
7.261863350868225098e-01
2.728021144866943359e-01
7.254727482795715332e-01
2.691832780838012695e-01
3.527691960334777832e-01
7.238574028015136719e-01
2.781453430652618408e-01
2.708211243152618408e-01
7.252247333526611328e-01
2.941280007362365723e-01
3.412994146347045898e-01
2.903466820716857910e-01
5.213521718978881836e-01
6.356093883514404297e-01
3.841713368892669678e-01
2.694924175739288330e-01
7.233818769454956055e-01
4.271630942821502686e-01
5.539032220840454102e-01
3.270506858825683594e-01
2.951517701148986816e-01
6.270853281021118164e-01
3.504626750946044922e-01
2.876512110233306885e-01
2.713858783245086670e-01
7.281799316406250000e-01
2.735560536384582520e-01
7.260910868644714355e-01
6.879843473434448242e-01
7.003195285797119141e-01
5.866614580154418945e-01
4.590956866741180420e-01
2.986523509025573730e-01
7.033889293670654297e-01
7.255615592002868652e-01
3.532945513725280762e-01
6.315847039222717285e-01
7.202011346817016602e-01
7.271943092346191406e-01
4.147721827030181885e-01
2.809313535690307617e-01
3.083829283714294434e-01
2.708199918270111084e-01
7.290040254592895508e-01
3.210918605327606201e-01
2.749561071395874023e-01
